<?xml version="1.0" encoding="UTF-8"?>
<!-- Generated by org.testng.reporters.JUnitReportReporter -->
<testsuite hostname="HI" failures="0" tests="1" name="Configuration.Devicedetails" time="2.878" errors="0" timestamp="2023-04-07T09:33:04 IST" skipped="0">
  <testcase classname="Configuration.Devicedetails" name="checkDeviceInfo" time="2.878"/>
  <system-out/>
</testsuite> <!-- Configuration.Devicedetails -->
