<?xml version="1.0" encoding="UTF-8"?>
<!-- Generated by org.testng.reporters.JUnitReportReporter -->
<testsuite hostname="HI" failures="0" tests="1" name="Configuration.RebootDevice" time="6.508" errors="0" timestamp="2023-04-07T09:42:57 IST" skipped="0">
  <testcase classname="Configuration.RebootDevice" name="reboot" time="6.508"/>
  <system-out/>
</testsuite> <!-- Configuration.RebootDevice -->
