<?xml version="1.0" encoding="UTF-8"?>
<!-- Generated by org.testng.reporters.JUnitReportReporter -->
<testsuite hostname="HI" failures="0" tests="1" name="Configuration.Network" time="4.830" errors="0" timestamp="2023-04-07T09:42:03 IST" skipped="0">
  <testcase classname="Configuration.Network" name="network" time="4.830"/>
  <system-out/>
</testsuite> <!-- Configuration.Network -->
