<?xml version="1.0" encoding="UTF-8"?>
<!-- Generated by org.testng.reporters.JUnitReportReporter -->
<testsuite hostname="HI" failures="0" tests="1" name="Configuration.Image" time="2.424" errors="0" timestamp="2023-04-07T09:34:43 IST" skipped="0">
  <testcase classname="Configuration.Image" name="imageOSD" time="2.424"/>
  <system-out/>
</testsuite> <!-- Configuration.Image -->
