<?xml version="1.0" encoding="UTF-8"?>
<!-- Generated by org.testng.reporters.JUnitReportReporter -->
<testsuite hostname="HI" failures="0" tests="1" name="Configuration.LogsDownload" time="13.751" errors="0" timestamp="2023-04-07T09:35:48 IST" skipped="0">
  <testcase classname="Configuration.LogsDownload" name="downloadingLogs" time="13.751"/>
  <system-out/>
</testsuite> <!-- Configuration.LogsDownload -->
