<?xml version="1.0" encoding="UTF-8"?>
<!-- Generated by org.testng.reporters.JUnitReportReporter -->
<testsuite hostname="HI" failures="0" tests="1" name="Configuration.VideoConfSetup" time="16.756" errors="0" timestamp="2023-04-07T09:44:28 IST" skipped="0">
  <testcase classname="Configuration.VideoConfSetup" name="video" time="16.756"/>
  <system-out/>
</testsuite> <!-- Configuration.VideoConfSetup -->
